Created by PLY version 3.11 (http://www.dabeaz.com/ply)

Unused terminals:

    DIVIDE
    FOR
    IMPORT
    MINUS
    PLUS
    TIMES
    UPDATE

Grammar

Rule 0     S' -> program
Rule 1     program -> COMMENT block
Rule 2     block -> varAssign procedureDeclare
Rule 3     varAssign -> DECLARE varAssignList SEMMICOLOM varAssign
Rule 4     varAssign -> empty
Rule 5     varAssignList -> ID ASSIGN NUMBER
Rule 6     varAssignList -> varAssignList COMMA ID ASSIGN NUMBER
Rule 7     procedureDeclare -> PROCEDURE ID LPAREN RPAREN SEMMICOLOM procedureDeclare
Rule 8     procedureDeclare -> empty
Rule 9     statement -> CALL ID LPAREN RPAREN SEMMICOLOM
Rule 10    statement -> BEGIN statementList END SEMMICOLOM
Rule 11    statement -> empty
Rule 12    statementList -> statement
Rule 13    statementList -> statementList SEMMICOLOM statement
Rule 14    empty -> <empty>

Terminals, with rules where they appear

ASSIGN               : 5 6
BEGIN                : 10
CALL                 : 9
COMMA                : 6
COMMENT              : 1
DECLARE              : 3
DIVIDE               : 
END                  : 10
FOR                  : 
ID                   : 5 6 7 9
IMPORT               : 
LPAREN               : 7 9
MINUS                : 
NUMBER               : 5 6
PLUS                 : 
PROCEDURE            : 7
RPAREN               : 7 9
SEMMICOLOM           : 3 7 9 10 13
TIMES                : 
UPDATE               : 
error                : 

Nonterminals, with rules where they appear

block                : 1
empty                : 4 8 11
procedureDeclare     : 2 7
program              : 0
statement            : 12 13
statementList        : 10 13
varAssign            : 2 3
varAssignList        : 3 6

Parsing method: LALR

state 0

    (0) S' -> . program
    (1) program -> . COMMENT block

    COMMENT         shift and go to state 2

    program                        shift and go to state 1

state 1

    (0) S' -> program .



state 2

    (1) program -> COMMENT . block
    (2) block -> . varAssign procedureDeclare
    (3) varAssign -> . DECLARE varAssignList SEMMICOLOM varAssign
    (4) varAssign -> . empty
    (14) empty -> .

    DECLARE         shift and go to state 5
    PROCEDURE       reduce using rule 14 (empty -> .)
    $end            reduce using rule 14 (empty -> .)

    block                          shift and go to state 3
    varAssign                      shift and go to state 4
    empty                          shift and go to state 6

state 3

    (1) program -> COMMENT block .

    $end            reduce using rule 1 (program -> COMMENT block .)


state 4

    (2) block -> varAssign . procedureDeclare
    (7) procedureDeclare -> . PROCEDURE ID LPAREN RPAREN SEMMICOLOM procedureDeclare
    (8) procedureDeclare -> . empty
    (14) empty -> .

    PROCEDURE       shift and go to state 8
    $end            reduce using rule 14 (empty -> .)

    procedureDeclare               shift and go to state 7
    empty                          shift and go to state 9

state 5

    (3) varAssign -> DECLARE . varAssignList SEMMICOLOM varAssign
    (5) varAssignList -> . ID ASSIGN NUMBER
    (6) varAssignList -> . varAssignList COMMA ID ASSIGN NUMBER

    ID              shift and go to state 11

    varAssignList                  shift and go to state 10

state 6

    (4) varAssign -> empty .

    PROCEDURE       reduce using rule 4 (varAssign -> empty .)
    $end            reduce using rule 4 (varAssign -> empty .)


state 7

    (2) block -> varAssign procedureDeclare .

    $end            reduce using rule 2 (block -> varAssign procedureDeclare .)


state 8

    (7) procedureDeclare -> PROCEDURE . ID LPAREN RPAREN SEMMICOLOM procedureDeclare

    ID              shift and go to state 12


state 9

    (8) procedureDeclare -> empty .

    $end            reduce using rule 8 (procedureDeclare -> empty .)


state 10

    (3) varAssign -> DECLARE varAssignList . SEMMICOLOM varAssign
    (6) varAssignList -> varAssignList . COMMA ID ASSIGN NUMBER

    SEMMICOLOM      shift and go to state 13
    COMMA           shift and go to state 14


state 11

    (5) varAssignList -> ID . ASSIGN NUMBER

    ASSIGN          shift and go to state 15


state 12

    (7) procedureDeclare -> PROCEDURE ID . LPAREN RPAREN SEMMICOLOM procedureDeclare

    LPAREN          shift and go to state 16


state 13

    (3) varAssign -> DECLARE varAssignList SEMMICOLOM . varAssign
    (3) varAssign -> . DECLARE varAssignList SEMMICOLOM varAssign
    (4) varAssign -> . empty
    (14) empty -> .

    DECLARE         shift and go to state 5
    PROCEDURE       reduce using rule 14 (empty -> .)
    $end            reduce using rule 14 (empty -> .)

    varAssign                      shift and go to state 17
    empty                          shift and go to state 6

state 14

    (6) varAssignList -> varAssignList COMMA . ID ASSIGN NUMBER

    ID              shift and go to state 18


state 15

    (5) varAssignList -> ID ASSIGN . NUMBER

    NUMBER          shift and go to state 19


state 16

    (7) procedureDeclare -> PROCEDURE ID LPAREN . RPAREN SEMMICOLOM procedureDeclare

    RPAREN          shift and go to state 20


state 17

    (3) varAssign -> DECLARE varAssignList SEMMICOLOM varAssign .

    PROCEDURE       reduce using rule 3 (varAssign -> DECLARE varAssignList SEMMICOLOM varAssign .)
    $end            reduce using rule 3 (varAssign -> DECLARE varAssignList SEMMICOLOM varAssign .)


state 18

    (6) varAssignList -> varAssignList COMMA ID . ASSIGN NUMBER

    ASSIGN          shift and go to state 21


state 19

    (5) varAssignList -> ID ASSIGN NUMBER .

    SEMMICOLOM      reduce using rule 5 (varAssignList -> ID ASSIGN NUMBER .)
    COMMA           reduce using rule 5 (varAssignList -> ID ASSIGN NUMBER .)


state 20

    (7) procedureDeclare -> PROCEDURE ID LPAREN RPAREN . SEMMICOLOM procedureDeclare

    SEMMICOLOM      shift and go to state 22


state 21

    (6) varAssignList -> varAssignList COMMA ID ASSIGN . NUMBER

    NUMBER          shift and go to state 23


state 22

    (7) procedureDeclare -> PROCEDURE ID LPAREN RPAREN SEMMICOLOM . procedureDeclare
    (7) procedureDeclare -> . PROCEDURE ID LPAREN RPAREN SEMMICOLOM procedureDeclare
    (8) procedureDeclare -> . empty
    (14) empty -> .

    PROCEDURE       shift and go to state 8
    $end            reduce using rule 14 (empty -> .)

    procedureDeclare               shift and go to state 24
    empty                          shift and go to state 9

state 23

    (6) varAssignList -> varAssignList COMMA ID ASSIGN NUMBER .

    SEMMICOLOM      reduce using rule 6 (varAssignList -> varAssignList COMMA ID ASSIGN NUMBER .)
    COMMA           reduce using rule 6 (varAssignList -> varAssignList COMMA ID ASSIGN NUMBER .)


state 24

    (7) procedureDeclare -> PROCEDURE ID LPAREN RPAREN SEMMICOLOM procedureDeclare .

    $end            reduce using rule 7 (procedureDeclare -> PROCEDURE ID LPAREN RPAREN SEMMICOLOM procedureDeclare .)

